Terminals unused in grammar

    T_COMMA


State 123 conflicts: 1 shift/reduce


Grammar

    0 $accept: PROGRAM $end

    1 PROGRAM: FUNCTION

    2 FUNCTION: TYPE_DEF T_VARIABLE T_LPAREN T_RPAREN COMPOUND_STAT

    3 DECLARATION_LIST: DECLARATION
    4                 | DECLARATION DECLARATION_LIST

    5 STAT_LIST: STAT
    6          | STAT STAT_LIST

    7 DECLARATION: TYPE_DEF T_VARIABLE T_SEMI
    8            | TYPE_DEF T_VARIABLE T_ASSIGN EXPR T_SEMI

    9 STAT: COMPOUND_STAT
   10     | EXPRESSION_STAT
   11     | SELECTION_STAT
   12     | ITERATION_STAT
   13     | JUMP_STAT
   14     | LABEL_STAT

   15 COMPOUND_STAT: T_LBRACE T_RBRACE
   16              | T_LBRACE STAT_LIST T_RBRACE
   17              | T_LBRACE DECLARATION_LIST T_RBRACE
   18              | T_LBRACE DECLARATION_LIST STAT_LIST T_RBRACE

   19 EXPRESSION_STAT: T_SEMI
   20                | EXPR T_SEMI

   21 SELECTION_STAT: T_IF T_LPAREN EXPR T_RPAREN STAT
   22               | T_IF T_LPAREN EXPR T_RPAREN STAT T_ELSE STAT
   23               | T_SWITCH T_LPAREN EXPR T_RPAREN STAT

   24 ITERATION_STAT: T_WHILE T_LPAREN EXPR T_RPAREN STAT
   25               | T_FOR T_LPAREN EXPR T_SEMI EXPR T_SEMI EXPR T_RPAREN STAT
   26               | T_FOR T_LPAREN DECLARATION EXPR T_SEMI EXPR T_RPAREN STAT

   27 JUMP_STAT: T_RETURN T_SEMI
   28          | T_RETURN EXPR T_SEMI
   29          | T_CONTINUE T_SEMI
   30          | T_BREAK T_SEMI

   31 LABEL_STAT: T_CASE CONDITIONAL_EXPR T_SEMI STAT

   32 EXPR: CONDITIONAL_EXPR
   33     | T_VARIABLE T_ASSIGN EXPR

   34 CONDITIONAL_EXPR: LOR_EXPR

   35 LOR_EXPR: LAND_EXPR
   36         | LOR_EXPR T_LOR LAND_EXPR

   37 LAND_EXPR: BOR_EXPR
   38          | LAND_EXPR T_LAND EQUAL_EXPR

   39 BOR_EXPR: BXOR_EXPR
   40         | BOR_EXPR T_BOR BXOR_EXPR

   41 BAND_EXPR: EQUAL_EXPR
   42          | BAND_EXPR T_BAND EQUAL_EXPR

   43 BXOR_EXPR: BAND_EXPR
   44          | BXOR_EXPR T_BXOR BAND_EXPR

   45 EQUAL_EXPR: RELATION_EXPR
   46           | EQUAL_EXPR T_EQUAL RELATION_EXPR
   47           | EQUAL_EXPR T_NEQUAL RELATION_EXPR

   48 RELATION_EXPR: ARITHMETIC_EXPR
   49              | RELATION_EXPR T_GT ARITHMETIC_EXPR
   50              | RELATION_EXPR T_LT ARITHMETIC_EXPR
   51              | RELATION_EXPR T_GTE ARITHMETIC_EXPR
   52              | RELATION_EXPR T_LTE ARITHMETIC_EXPR

   53 ARITHMETIC_EXPR: TERM_EXPR
   54                | ARITHMETIC_EXPR T_ADD TERM_EXPR
   55                | ARITHMETIC_EXPR T_SUB TERM_EXPR

   56 TERM_EXPR: UNARY_EXPR
   57          | TERM_EXPR T_MULT UNARY_EXPR
   58          | TERM_EXPR T_DIV UNARY_EXPR
   59          | TERM_EXPR T_MOD UNARY_EXPR

   60 UNARY_EXPR: FACTOR_EXPR
   61           | T_SUB FACTOR_EXPR
   62           | T_NOT FACTOR_EXPR

   63 FACTOR_EXPR: T_NUMBER
   64            | T_VARIABLE
   65            | T_LPAREN EXPR T_RPAREN

   66 TYPE_DEF: T_INT_TYPE


Terminals, with rules where they appear

    $end (0) 0
    error (256)
    T_VARIABLE <str> (258) 2 7 8 33 64
    T_NUMBER <number> (259) 63
    T_GT (260) 49
    T_LT (261) 50
    T_GTE (262) 51
    T_LTE (263) 52
    T_EQUAL (264) 46
    T_NEQUAL (265) 47
    T_LOR (266) 36
    T_BOR (267) 40
    T_LAND (268) 38
    T_BAND (269) 42
    T_BXOR (270) 44
    T_SUB (271) 55 61
    T_ADD (272) 54
    T_MULT (273) 57
    T_DIV (274) 58
    T_MOD (275) 59
    T_NOT (276) 62
    T_ASSIGN (277) 8 33
    T_SEMI (278) 7 8 19 20 25 26 27 28 29 30 31
    T_COMMA (279)
    T_LBRACE (280) 15 16 17 18
    T_RBRACE (281) 15 16 17 18
    T_LPAREN (282) 2 21 22 23 24 25 26 65
    T_RPAREN (283) 2 21 22 23 24 25 26 65
    T_INT_TYPE <str> (284) 66
    T_RETURN (285) 27 28
    T_WHILE (286) 24
    T_IF (287) 21 22
    T_ELSE (288) 22
    T_FOR (289) 25 26
    T_SWITCH (290) 23
    T_CASE (291) 31
    T_CONTINUE (292) 29
    T_BREAK (293) 30


Nonterminals, with rules where they appear

    $accept (39)
        on left: 0
    PROGRAM (40)
        on left: 1
        on right: 0
    FUNCTION <func> (41)
        on left: 2
        on right: 1
    DECLARATION_LIST <decllist> (42)
        on left: 3 4
        on right: 4 17 18
    STAT_LIST <statlist> (43)
        on left: 5 6
        on right: 6 16 18
    DECLARATION <var> (44)
        on left: 7 8
        on right: 3 4 26
    STAT <stat> (45)
        on left: 9 10 11 12 13 14
        on right: 5 6 21 22 23 24 25 26 31
    COMPOUND_STAT <stat> (46)
        on left: 15 16 17 18
        on right: 2 9
    EXPRESSION_STAT <stat> (47)
        on left: 19 20
        on right: 10
    SELECTION_STAT <stat> (48)
        on left: 21 22 23
        on right: 11
    ITERATION_STAT <stat> (49)
        on left: 24 25 26
        on right: 12
    JUMP_STAT <stat> (50)
        on left: 27 28 29 30
        on right: 13
    LABEL_STAT <stat> (51)
        on left: 31
        on right: 14
    EXPR <expr> (52)
        on left: 32 33
        on right: 8 20 21 22 23 24 25 26 28 33 65
    CONDITIONAL_EXPR <expr> (53)
        on left: 34
        on right: 31 32
    LOR_EXPR <expr> (54)
        on left: 35 36
        on right: 34 36
    LAND_EXPR <expr> (55)
        on left: 37 38
        on right: 35 36 38
    BOR_EXPR <expr> (56)
        on left: 39 40
        on right: 37 40
    BAND_EXPR <expr> (57)
        on left: 41 42
        on right: 42 43 44
    BXOR_EXPR <expr> (58)
        on left: 43 44
        on right: 39 40 44
    EQUAL_EXPR <expr> (59)
        on left: 45 46 47
        on right: 38 41 42 46 47
    RELATION_EXPR <expr> (60)
        on left: 48 49 50 51 52
        on right: 45 46 47 49 50 51 52
    ARITHMETIC_EXPR <expr> (61)
        on left: 53 54 55
        on right: 48 49 50 51 52 54 55
    TERM_EXPR <expr> (62)
        on left: 56 57 58 59
        on right: 53 54 55 57 58 59
    UNARY_EXPR <expr> (63)
        on left: 60 61 62
        on right: 56 57 58 59
    FACTOR_EXPR <expr> (64)
        on left: 63 64 65
        on right: 60 61 62
    TYPE_DEF <T_type> (65)
        on left: 66
        on right: 2 7 8


State 0

    0 $accept: • PROGRAM $end

    T_INT_TYPE  shift, and go to state 1

    PROGRAM   go to state 2
    FUNCTION  go to state 3
    TYPE_DEF  go to state 4


State 1

   66 TYPE_DEF: T_INT_TYPE •

    $default  reduce using rule 66 (TYPE_DEF)


State 2

    0 $accept: PROGRAM • $end

    $end  shift, and go to state 5


State 3

    1 PROGRAM: FUNCTION •

    $default  reduce using rule 1 (PROGRAM)


State 4

    2 FUNCTION: TYPE_DEF • T_VARIABLE T_LPAREN T_RPAREN COMPOUND_STAT

    T_VARIABLE  shift, and go to state 6


State 5

    0 $accept: PROGRAM $end •

    $default  accept


State 6

    2 FUNCTION: TYPE_DEF T_VARIABLE • T_LPAREN T_RPAREN COMPOUND_STAT

    T_LPAREN  shift, and go to state 7


State 7

    2 FUNCTION: TYPE_DEF T_VARIABLE T_LPAREN • T_RPAREN COMPOUND_STAT

    T_RPAREN  shift, and go to state 8


State 8

    2 FUNCTION: TYPE_DEF T_VARIABLE T_LPAREN T_RPAREN • COMPOUND_STAT

    T_LBRACE  shift, and go to state 9

    COMPOUND_STAT  go to state 10


State 9

   15 COMPOUND_STAT: T_LBRACE • T_RBRACE
   16              | T_LBRACE • STAT_LIST T_RBRACE
   17              | T_LBRACE • DECLARATION_LIST T_RBRACE
   18              | T_LBRACE • DECLARATION_LIST STAT_LIST T_RBRACE

    T_VARIABLE  shift, and go to state 11
    T_NUMBER    shift, and go to state 12
    T_SUB       shift, and go to state 13
    T_NOT       shift, and go to state 14
    T_SEMI      shift, and go to state 15
    T_LBRACE    shift, and go to state 9
    T_RBRACE    shift, and go to state 16
    T_LPAREN    shift, and go to state 17
    T_INT_TYPE  shift, and go to state 1
    T_RETURN    shift, and go to state 18
    T_WHILE     shift, and go to state 19
    T_IF        shift, and go to state 20
    T_FOR       shift, and go to state 21
    T_SWITCH    shift, and go to state 22
    T_CASE      shift, and go to state 23
    T_CONTINUE  shift, and go to state 24
    T_BREAK     shift, and go to state 25

    DECLARATION_LIST  go to state 26
    STAT_LIST         go to state 27
    DECLARATION       go to state 28
    STAT              go to state 29
    COMPOUND_STAT     go to state 30
    EXPRESSION_STAT   go to state 31
    SELECTION_STAT    go to state 32
    ITERATION_STAT    go to state 33
    JUMP_STAT         go to state 34
    LABEL_STAT        go to state 35
    EXPR              go to state 36
    CONDITIONAL_EXPR  go to state 37
    LOR_EXPR          go to state 38
    LAND_EXPR         go to state 39
    BOR_EXPR          go to state 40
    BAND_EXPR         go to state 41
    BXOR_EXPR         go to state 42
    EQUAL_EXPR        go to state 43
    RELATION_EXPR     go to state 44
    ARITHMETIC_EXPR   go to state 45
    TERM_EXPR         go to state 46
    UNARY_EXPR        go to state 47
    FACTOR_EXPR       go to state 48
    TYPE_DEF          go to state 49


State 10

    2 FUNCTION: TYPE_DEF T_VARIABLE T_LPAREN T_RPAREN COMPOUND_STAT •

    $default  reduce using rule 2 (FUNCTION)


State 11

   33 EXPR: T_VARIABLE • T_ASSIGN EXPR
   64 FACTOR_EXPR: T_VARIABLE •

    T_ASSIGN  shift, and go to state 50

    $default  reduce using rule 64 (FACTOR_EXPR)


State 12

   63 FACTOR_EXPR: T_NUMBER •

    $default  reduce using rule 63 (FACTOR_EXPR)


State 13

   61 UNARY_EXPR: T_SUB • FACTOR_EXPR

    T_VARIABLE  shift, and go to state 51
    T_NUMBER    shift, and go to state 12
    T_LPAREN    shift, and go to state 17

    FACTOR_EXPR  go to state 52


State 14

   62 UNARY_EXPR: T_NOT • FACTOR_EXPR

    T_VARIABLE  shift, and go to state 51
    T_NUMBER    shift, and go to state 12
    T_LPAREN    shift, and go to state 17

    FACTOR_EXPR  go to state 53


State 15

   19 EXPRESSION_STAT: T_SEMI •

    $default  reduce using rule 19 (EXPRESSION_STAT)


State 16

   15 COMPOUND_STAT: T_LBRACE T_RBRACE •

    $default  reduce using rule 15 (COMPOUND_STAT)


State 17

   65 FACTOR_EXPR: T_LPAREN • EXPR T_RPAREN

    T_VARIABLE  shift, and go to state 11
    T_NUMBER    shift, and go to state 12
    T_SUB       shift, and go to state 13
    T_NOT       shift, and go to state 14
    T_LPAREN    shift, and go to state 17

    EXPR              go to state 54
    CONDITIONAL_EXPR  go to state 37
    LOR_EXPR          go to state 38
    LAND_EXPR         go to state 39
    BOR_EXPR          go to state 40
    BAND_EXPR         go to state 41
    BXOR_EXPR         go to state 42
    EQUAL_EXPR        go to state 43
    RELATION_EXPR     go to state 44
    ARITHMETIC_EXPR   go to state 45
    TERM_EXPR         go to state 46
    UNARY_EXPR        go to state 47
    FACTOR_EXPR       go to state 48


State 18

   27 JUMP_STAT: T_RETURN • T_SEMI
   28          | T_RETURN • EXPR T_SEMI

    T_VARIABLE  shift, and go to state 11
    T_NUMBER    shift, and go to state 12
    T_SUB       shift, and go to state 13
    T_NOT       shift, and go to state 14
    T_SEMI      shift, and go to state 55
    T_LPAREN    shift, and go to state 17

    EXPR              go to state 56
    CONDITIONAL_EXPR  go to state 37
    LOR_EXPR          go to state 38
    LAND_EXPR         go to state 39
    BOR_EXPR          go to state 40
    BAND_EXPR         go to state 41
    BXOR_EXPR         go to state 42
    EQUAL_EXPR        go to state 43
    RELATION_EXPR     go to state 44
    ARITHMETIC_EXPR   go to state 45
    TERM_EXPR         go to state 46
    UNARY_EXPR        go to state 47
    FACTOR_EXPR       go to state 48


State 19

   24 ITERATION_STAT: T_WHILE • T_LPAREN EXPR T_RPAREN STAT

    T_LPAREN  shift, and go to state 57


State 20

   21 SELECTION_STAT: T_IF • T_LPAREN EXPR T_RPAREN STAT
   22               | T_IF • T_LPAREN EXPR T_RPAREN STAT T_ELSE STAT

    T_LPAREN  shift, and go to state 58


State 21

   25 ITERATION_STAT: T_FOR • T_LPAREN EXPR T_SEMI EXPR T_SEMI EXPR T_RPAREN STAT
   26               | T_FOR • T_LPAREN DECLARATION EXPR T_SEMI EXPR T_RPAREN STAT

    T_LPAREN  shift, and go to state 59


State 22

   23 SELECTION_STAT: T_SWITCH • T_LPAREN EXPR T_RPAREN STAT

    T_LPAREN  shift, and go to state 60


State 23

   31 LABEL_STAT: T_CASE • CONDITIONAL_EXPR T_SEMI STAT

    T_VARIABLE  shift, and go to state 51
    T_NUMBER    shift, and go to state 12
    T_SUB       shift, and go to state 13
    T_NOT       shift, and go to state 14
    T_LPAREN    shift, and go to state 17

    CONDITIONAL_EXPR  go to state 61
    LOR_EXPR          go to state 38
    LAND_EXPR         go to state 39
    BOR_EXPR          go to state 40
    BAND_EXPR         go to state 41
    BXOR_EXPR         go to state 42
    EQUAL_EXPR        go to state 43
    RELATION_EXPR     go to state 44
    ARITHMETIC_EXPR   go to state 45
    TERM_EXPR         go to state 46
    UNARY_EXPR        go to state 47
    FACTOR_EXPR       go to state 48


State 24

   29 JUMP_STAT: T_CONTINUE • T_SEMI

    T_SEMI  shift, and go to state 62


State 25

   30 JUMP_STAT: T_BREAK • T_SEMI

    T_SEMI  shift, and go to state 63


State 26

   17 COMPOUND_STAT: T_LBRACE DECLARATION_LIST • T_RBRACE
   18              | T_LBRACE DECLARATION_LIST • STAT_LIST T_RBRACE

    T_VARIABLE  shift, and go to state 11
    T_NUMBER    shift, and go to state 12
    T_SUB       shift, and go to state 13
    T_NOT       shift, and go to state 14
    T_SEMI      shift, and go to state 15
    T_LBRACE    shift, and go to state 9
    T_RBRACE    shift, and go to state 64
    T_LPAREN    shift, and go to state 17
    T_RETURN    shift, and go to state 18
    T_WHILE     shift, and go to state 19
    T_IF        shift, and go to state 20
    T_FOR       shift, and go to state 21
    T_SWITCH    shift, and go to state 22
    T_CASE      shift, and go to state 23
    T_CONTINUE  shift, and go to state 24
    T_BREAK     shift, and go to state 25

    STAT_LIST         go to state 65
    STAT              go to state 29
    COMPOUND_STAT     go to state 30
    EXPRESSION_STAT   go to state 31
    SELECTION_STAT    go to state 32
    ITERATION_STAT    go to state 33
    JUMP_STAT         go to state 34
    LABEL_STAT        go to state 35
    EXPR              go to state 36
    CONDITIONAL_EXPR  go to state 37
    LOR_EXPR          go to state 38
    LAND_EXPR         go to state 39
    BOR_EXPR          go to state 40
    BAND_EXPR         go to state 41
    BXOR_EXPR         go to state 42
    EQUAL_EXPR        go to state 43
    RELATION_EXPR     go to state 44
    ARITHMETIC_EXPR   go to state 45
    TERM_EXPR         go to state 46
    UNARY_EXPR        go to state 47
    FACTOR_EXPR       go to state 48


State 27

   16 COMPOUND_STAT: T_LBRACE STAT_LIST • T_RBRACE

    T_RBRACE  shift, and go to state 66


State 28

    3 DECLARATION_LIST: DECLARATION •
    4                 | DECLARATION • DECLARATION_LIST

    T_INT_TYPE  shift, and go to state 1

    $default  reduce using rule 3 (DECLARATION_LIST)

    DECLARATION_LIST  go to state 67
    DECLARATION       go to state 28
    TYPE_DEF          go to state 49


State 29

    5 STAT_LIST: STAT •
    6          | STAT • STAT_LIST

    T_VARIABLE  shift, and go to state 11
    T_NUMBER    shift, and go to state 12
    T_SUB       shift, and go to state 13
    T_NOT       shift, and go to state 14
    T_SEMI      shift, and go to state 15
    T_LBRACE    shift, and go to state 9
    T_LPAREN    shift, and go to state 17
    T_RETURN    shift, and go to state 18
    T_WHILE     shift, and go to state 19
    T_IF        shift, and go to state 20
    T_FOR       shift, and go to state 21
    T_SWITCH    shift, and go to state 22
    T_CASE      shift, and go to state 23
    T_CONTINUE  shift, and go to state 24
    T_BREAK     shift, and go to state 25

    $default  reduce using rule 5 (STAT_LIST)

    STAT_LIST         go to state 68
    STAT              go to state 29
    COMPOUND_STAT     go to state 30
    EXPRESSION_STAT   go to state 31
    SELECTION_STAT    go to state 32
    ITERATION_STAT    go to state 33
    JUMP_STAT         go to state 34
    LABEL_STAT        go to state 35
    EXPR              go to state 36
    CONDITIONAL_EXPR  go to state 37
    LOR_EXPR          go to state 38
    LAND_EXPR         go to state 39
    BOR_EXPR          go to state 40
    BAND_EXPR         go to state 41
    BXOR_EXPR         go to state 42
    EQUAL_EXPR        go to state 43
    RELATION_EXPR     go to state 44
    ARITHMETIC_EXPR   go to state 45
    TERM_EXPR         go to state 46
    UNARY_EXPR        go to state 47
    FACTOR_EXPR       go to state 48


State 30

    9 STAT: COMPOUND_STAT •

    $default  reduce using rule 9 (STAT)


State 31

   10 STAT: EXPRESSION_STAT •

    $default  reduce using rule 10 (STAT)


State 32

   11 STAT: SELECTION_STAT •

    $default  reduce using rule 11 (STAT)


State 33

   12 STAT: ITERATION_STAT •

    $default  reduce using rule 12 (STAT)


State 34

   13 STAT: JUMP_STAT •

    $default  reduce using rule 13 (STAT)


State 35

   14 STAT: LABEL_STAT •

    $default  reduce using rule 14 (STAT)


State 36

   20 EXPRESSION_STAT: EXPR • T_SEMI

    T_SEMI  shift, and go to state 69


State 37

   32 EXPR: CONDITIONAL_EXPR •

    $default  reduce using rule 32 (EXPR)


State 38

   34 CONDITIONAL_EXPR: LOR_EXPR •
   36 LOR_EXPR: LOR_EXPR • T_LOR LAND_EXPR

    T_LOR  shift, and go to state 70

    $default  reduce using rule 34 (CONDITIONAL_EXPR)


State 39

   35 LOR_EXPR: LAND_EXPR •
   38 LAND_EXPR: LAND_EXPR • T_LAND EQUAL_EXPR

    T_LAND  shift, and go to state 71

    $default  reduce using rule 35 (LOR_EXPR)


State 40

   37 LAND_EXPR: BOR_EXPR •
   40 BOR_EXPR: BOR_EXPR • T_BOR BXOR_EXPR

    T_BOR  shift, and go to state 72

    $default  reduce using rule 37 (LAND_EXPR)


State 41

   42 BAND_EXPR: BAND_EXPR • T_BAND EQUAL_EXPR
   43 BXOR_EXPR: BAND_EXPR •

    T_BAND  shift, and go to state 73

    $default  reduce using rule 43 (BXOR_EXPR)


State 42

   39 BOR_EXPR: BXOR_EXPR •
   44 BXOR_EXPR: BXOR_EXPR • T_BXOR BAND_EXPR

    T_BXOR  shift, and go to state 74

    $default  reduce using rule 39 (BOR_EXPR)


State 43

   41 BAND_EXPR: EQUAL_EXPR •
   46 EQUAL_EXPR: EQUAL_EXPR • T_EQUAL RELATION_EXPR
   47           | EQUAL_EXPR • T_NEQUAL RELATION_EXPR

    T_EQUAL   shift, and go to state 75
    T_NEQUAL  shift, and go to state 76

    $default  reduce using rule 41 (BAND_EXPR)


State 44

   45 EQUAL_EXPR: RELATION_EXPR •
   49 RELATION_EXPR: RELATION_EXPR • T_GT ARITHMETIC_EXPR
   50              | RELATION_EXPR • T_LT ARITHMETIC_EXPR
   51              | RELATION_EXPR • T_GTE ARITHMETIC_EXPR
   52              | RELATION_EXPR • T_LTE ARITHMETIC_EXPR

    T_GT   shift, and go to state 77
    T_LT   shift, and go to state 78
    T_GTE  shift, and go to state 79
    T_LTE  shift, and go to state 80

    $default  reduce using rule 45 (EQUAL_EXPR)


State 45

   48 RELATION_EXPR: ARITHMETIC_EXPR •
   54 ARITHMETIC_EXPR: ARITHMETIC_EXPR • T_ADD TERM_EXPR
   55                | ARITHMETIC_EXPR • T_SUB TERM_EXPR

    T_SUB  shift, and go to state 81
    T_ADD  shift, and go to state 82

    $default  reduce using rule 48 (RELATION_EXPR)


State 46

   53 ARITHMETIC_EXPR: TERM_EXPR •
   57 TERM_EXPR: TERM_EXPR • T_MULT UNARY_EXPR
   58          | TERM_EXPR • T_DIV UNARY_EXPR
   59          | TERM_EXPR • T_MOD UNARY_EXPR

    T_MULT  shift, and go to state 83
    T_DIV   shift, and go to state 84
    T_MOD   shift, and go to state 85

    $default  reduce using rule 53 (ARITHMETIC_EXPR)


State 47

   56 TERM_EXPR: UNARY_EXPR •

    $default  reduce using rule 56 (TERM_EXPR)


State 48

   60 UNARY_EXPR: FACTOR_EXPR •

    $default  reduce using rule 60 (UNARY_EXPR)


State 49

    7 DECLARATION: TYPE_DEF • T_VARIABLE T_SEMI
    8            | TYPE_DEF • T_VARIABLE T_ASSIGN EXPR T_SEMI

    T_VARIABLE  shift, and go to state 86


State 50

   33 EXPR: T_VARIABLE T_ASSIGN • EXPR

    T_VARIABLE  shift, and go to state 11
    T_NUMBER    shift, and go to state 12
    T_SUB       shift, and go to state 13
    T_NOT       shift, and go to state 14
    T_LPAREN    shift, and go to state 17

    EXPR              go to state 87
    CONDITIONAL_EXPR  go to state 37
    LOR_EXPR          go to state 38
    LAND_EXPR         go to state 39
    BOR_EXPR          go to state 40
    BAND_EXPR         go to state 41
    BXOR_EXPR         go to state 42
    EQUAL_EXPR        go to state 43
    RELATION_EXPR     go to state 44
    ARITHMETIC_EXPR   go to state 45
    TERM_EXPR         go to state 46
    UNARY_EXPR        go to state 47
    FACTOR_EXPR       go to state 48


State 51

   64 FACTOR_EXPR: T_VARIABLE •

    $default  reduce using rule 64 (FACTOR_EXPR)


State 52

   61 UNARY_EXPR: T_SUB FACTOR_EXPR •

    $default  reduce using rule 61 (UNARY_EXPR)


State 53

   62 UNARY_EXPR: T_NOT FACTOR_EXPR •

    $default  reduce using rule 62 (UNARY_EXPR)


State 54

   65 FACTOR_EXPR: T_LPAREN EXPR • T_RPAREN

    T_RPAREN  shift, and go to state 88


State 55

   27 JUMP_STAT: T_RETURN T_SEMI •

    $default  reduce using rule 27 (JUMP_STAT)


State 56

   28 JUMP_STAT: T_RETURN EXPR • T_SEMI

    T_SEMI  shift, and go to state 89


State 57

   24 ITERATION_STAT: T_WHILE T_LPAREN • EXPR T_RPAREN STAT

    T_VARIABLE  shift, and go to state 11
    T_NUMBER    shift, and go to state 12
    T_SUB       shift, and go to state 13
    T_NOT       shift, and go to state 14
    T_LPAREN    shift, and go to state 17

    EXPR              go to state 90
    CONDITIONAL_EXPR  go to state 37
    LOR_EXPR          go to state 38
    LAND_EXPR         go to state 39
    BOR_EXPR          go to state 40
    BAND_EXPR         go to state 41
    BXOR_EXPR         go to state 42
    EQUAL_EXPR        go to state 43
    RELATION_EXPR     go to state 44
    ARITHMETIC_EXPR   go to state 45
    TERM_EXPR         go to state 46
    UNARY_EXPR        go to state 47
    FACTOR_EXPR       go to state 48


State 58

   21 SELECTION_STAT: T_IF T_LPAREN • EXPR T_RPAREN STAT
   22               | T_IF T_LPAREN • EXPR T_RPAREN STAT T_ELSE STAT

    T_VARIABLE  shift, and go to state 11
    T_NUMBER    shift, and go to state 12
    T_SUB       shift, and go to state 13
    T_NOT       shift, and go to state 14
    T_LPAREN    shift, and go to state 17

    EXPR              go to state 91
    CONDITIONAL_EXPR  go to state 37
    LOR_EXPR          go to state 38
    LAND_EXPR         go to state 39
    BOR_EXPR          go to state 40
    BAND_EXPR         go to state 41
    BXOR_EXPR         go to state 42
    EQUAL_EXPR        go to state 43
    RELATION_EXPR     go to state 44
    ARITHMETIC_EXPR   go to state 45
    TERM_EXPR         go to state 46
    UNARY_EXPR        go to state 47
    FACTOR_EXPR       go to state 48


State 59

   25 ITERATION_STAT: T_FOR T_LPAREN • EXPR T_SEMI EXPR T_SEMI EXPR T_RPAREN STAT
   26               | T_FOR T_LPAREN • DECLARATION EXPR T_SEMI EXPR T_RPAREN STAT

    T_VARIABLE  shift, and go to state 11
    T_NUMBER    shift, and go to state 12
    T_SUB       shift, and go to state 13
    T_NOT       shift, and go to state 14
    T_LPAREN    shift, and go to state 17
    T_INT_TYPE  shift, and go to state 1

    DECLARATION       go to state 92
    EXPR              go to state 93
    CONDITIONAL_EXPR  go to state 37
    LOR_EXPR          go to state 38
    LAND_EXPR         go to state 39
    BOR_EXPR          go to state 40
    BAND_EXPR         go to state 41
    BXOR_EXPR         go to state 42
    EQUAL_EXPR        go to state 43
    RELATION_EXPR     go to state 44
    ARITHMETIC_EXPR   go to state 45
    TERM_EXPR         go to state 46
    UNARY_EXPR        go to state 47
    FACTOR_EXPR       go to state 48
    TYPE_DEF          go to state 49


State 60

   23 SELECTION_STAT: T_SWITCH T_LPAREN • EXPR T_RPAREN STAT

    T_VARIABLE  shift, and go to state 11
    T_NUMBER    shift, and go to state 12
    T_SUB       shift, and go to state 13
    T_NOT       shift, and go to state 14
    T_LPAREN    shift, and go to state 17

    EXPR              go to state 94
    CONDITIONAL_EXPR  go to state 37
    LOR_EXPR          go to state 38
    LAND_EXPR         go to state 39
    BOR_EXPR          go to state 40
    BAND_EXPR         go to state 41
    BXOR_EXPR         go to state 42
    EQUAL_EXPR        go to state 43
    RELATION_EXPR     go to state 44
    ARITHMETIC_EXPR   go to state 45
    TERM_EXPR         go to state 46
    UNARY_EXPR        go to state 47
    FACTOR_EXPR       go to state 48


State 61

   31 LABEL_STAT: T_CASE CONDITIONAL_EXPR • T_SEMI STAT

    T_SEMI  shift, and go to state 95


State 62

   29 JUMP_STAT: T_CONTINUE T_SEMI •

    $default  reduce using rule 29 (JUMP_STAT)


State 63

   30 JUMP_STAT: T_BREAK T_SEMI •

    $default  reduce using rule 30 (JUMP_STAT)


State 64

   17 COMPOUND_STAT: T_LBRACE DECLARATION_LIST T_RBRACE •

    $default  reduce using rule 17 (COMPOUND_STAT)


State 65

   18 COMPOUND_STAT: T_LBRACE DECLARATION_LIST STAT_LIST • T_RBRACE

    T_RBRACE  shift, and go to state 96


State 66

   16 COMPOUND_STAT: T_LBRACE STAT_LIST T_RBRACE •

    $default  reduce using rule 16 (COMPOUND_STAT)


State 67

    4 DECLARATION_LIST: DECLARATION DECLARATION_LIST •

    $default  reduce using rule 4 (DECLARATION_LIST)


State 68

    6 STAT_LIST: STAT STAT_LIST •

    $default  reduce using rule 6 (STAT_LIST)


State 69

   20 EXPRESSION_STAT: EXPR T_SEMI •

    $default  reduce using rule 20 (EXPRESSION_STAT)


State 70

   36 LOR_EXPR: LOR_EXPR T_LOR • LAND_EXPR

    T_VARIABLE  shift, and go to state 51
    T_NUMBER    shift, and go to state 12
    T_SUB       shift, and go to state 13
    T_NOT       shift, and go to state 14
    T_LPAREN    shift, and go to state 17

    LAND_EXPR        go to state 97
    BOR_EXPR         go to state 40
    BAND_EXPR        go to state 41
    BXOR_EXPR        go to state 42
    EQUAL_EXPR       go to state 43
    RELATION_EXPR    go to state 44
    ARITHMETIC_EXPR  go to state 45
    TERM_EXPR        go to state 46
    UNARY_EXPR       go to state 47
    FACTOR_EXPR      go to state 48


State 71

   38 LAND_EXPR: LAND_EXPR T_LAND • EQUAL_EXPR

    T_VARIABLE  shift, and go to state 51
    T_NUMBER    shift, and go to state 12
    T_SUB       shift, and go to state 13
    T_NOT       shift, and go to state 14
    T_LPAREN    shift, and go to state 17

    EQUAL_EXPR       go to state 98
    RELATION_EXPR    go to state 44
    ARITHMETIC_EXPR  go to state 45
    TERM_EXPR        go to state 46
    UNARY_EXPR       go to state 47
    FACTOR_EXPR      go to state 48


State 72

   40 BOR_EXPR: BOR_EXPR T_BOR • BXOR_EXPR

    T_VARIABLE  shift, and go to state 51
    T_NUMBER    shift, and go to state 12
    T_SUB       shift, and go to state 13
    T_NOT       shift, and go to state 14
    T_LPAREN    shift, and go to state 17

    BAND_EXPR        go to state 41
    BXOR_EXPR        go to state 99
    EQUAL_EXPR       go to state 43
    RELATION_EXPR    go to state 44
    ARITHMETIC_EXPR  go to state 45
    TERM_EXPR        go to state 46
    UNARY_EXPR       go to state 47
    FACTOR_EXPR      go to state 48


State 73

   42 BAND_EXPR: BAND_EXPR T_BAND • EQUAL_EXPR

    T_VARIABLE  shift, and go to state 51
    T_NUMBER    shift, and go to state 12
    T_SUB       shift, and go to state 13
    T_NOT       shift, and go to state 14
    T_LPAREN    shift, and go to state 17

    EQUAL_EXPR       go to state 100
    RELATION_EXPR    go to state 44
    ARITHMETIC_EXPR  go to state 45
    TERM_EXPR        go to state 46
    UNARY_EXPR       go to state 47
    FACTOR_EXPR      go to state 48


State 74

   44 BXOR_EXPR: BXOR_EXPR T_BXOR • BAND_EXPR

    T_VARIABLE  shift, and go to state 51
    T_NUMBER    shift, and go to state 12
    T_SUB       shift, and go to state 13
    T_NOT       shift, and go to state 14
    T_LPAREN    shift, and go to state 17

    BAND_EXPR        go to state 101
    EQUAL_EXPR       go to state 43
    RELATION_EXPR    go to state 44
    ARITHMETIC_EXPR  go to state 45
    TERM_EXPR        go to state 46
    UNARY_EXPR       go to state 47
    FACTOR_EXPR      go to state 48


State 75

   46 EQUAL_EXPR: EQUAL_EXPR T_EQUAL • RELATION_EXPR

    T_VARIABLE  shift, and go to state 51
    T_NUMBER    shift, and go to state 12
    T_SUB       shift, and go to state 13
    T_NOT       shift, and go to state 14
    T_LPAREN    shift, and go to state 17

    RELATION_EXPR    go to state 102
    ARITHMETIC_EXPR  go to state 45
    TERM_EXPR        go to state 46
    UNARY_EXPR       go to state 47
    FACTOR_EXPR      go to state 48


State 76

   47 EQUAL_EXPR: EQUAL_EXPR T_NEQUAL • RELATION_EXPR

    T_VARIABLE  shift, and go to state 51
    T_NUMBER    shift, and go to state 12
    T_SUB       shift, and go to state 13
    T_NOT       shift, and go to state 14
    T_LPAREN    shift, and go to state 17

    RELATION_EXPR    go to state 103
    ARITHMETIC_EXPR  go to state 45
    TERM_EXPR        go to state 46
    UNARY_EXPR       go to state 47
    FACTOR_EXPR      go to state 48


State 77

   49 RELATION_EXPR: RELATION_EXPR T_GT • ARITHMETIC_EXPR

    T_VARIABLE  shift, and go to state 51
    T_NUMBER    shift, and go to state 12
    T_SUB       shift, and go to state 13
    T_NOT       shift, and go to state 14
    T_LPAREN    shift, and go to state 17

    ARITHMETIC_EXPR  go to state 104
    TERM_EXPR        go to state 46
    UNARY_EXPR       go to state 47
    FACTOR_EXPR      go to state 48


State 78

   50 RELATION_EXPR: RELATION_EXPR T_LT • ARITHMETIC_EXPR

    T_VARIABLE  shift, and go to state 51
    T_NUMBER    shift, and go to state 12
    T_SUB       shift, and go to state 13
    T_NOT       shift, and go to state 14
    T_LPAREN    shift, and go to state 17

    ARITHMETIC_EXPR  go to state 105
    TERM_EXPR        go to state 46
    UNARY_EXPR       go to state 47
    FACTOR_EXPR      go to state 48


State 79

   51 RELATION_EXPR: RELATION_EXPR T_GTE • ARITHMETIC_EXPR

    T_VARIABLE  shift, and go to state 51
    T_NUMBER    shift, and go to state 12
    T_SUB       shift, and go to state 13
    T_NOT       shift, and go to state 14
    T_LPAREN    shift, and go to state 17

    ARITHMETIC_EXPR  go to state 106
    TERM_EXPR        go to state 46
    UNARY_EXPR       go to state 47
    FACTOR_EXPR      go to state 48


State 80

   52 RELATION_EXPR: RELATION_EXPR T_LTE • ARITHMETIC_EXPR

    T_VARIABLE  shift, and go to state 51
    T_NUMBER    shift, and go to state 12
    T_SUB       shift, and go to state 13
    T_NOT       shift, and go to state 14
    T_LPAREN    shift, and go to state 17

    ARITHMETIC_EXPR  go to state 107
    TERM_EXPR        go to state 46
    UNARY_EXPR       go to state 47
    FACTOR_EXPR      go to state 48


State 81

   55 ARITHMETIC_EXPR: ARITHMETIC_EXPR T_SUB • TERM_EXPR

    T_VARIABLE  shift, and go to state 51
    T_NUMBER    shift, and go to state 12
    T_SUB       shift, and go to state 13
    T_NOT       shift, and go to state 14
    T_LPAREN    shift, and go to state 17

    TERM_EXPR    go to state 108
    UNARY_EXPR   go to state 47
    FACTOR_EXPR  go to state 48


State 82

   54 ARITHMETIC_EXPR: ARITHMETIC_EXPR T_ADD • TERM_EXPR

    T_VARIABLE  shift, and go to state 51
    T_NUMBER    shift, and go to state 12
    T_SUB       shift, and go to state 13
    T_NOT       shift, and go to state 14
    T_LPAREN    shift, and go to state 17

    TERM_EXPR    go to state 109
    UNARY_EXPR   go to state 47
    FACTOR_EXPR  go to state 48


State 83

   57 TERM_EXPR: TERM_EXPR T_MULT • UNARY_EXPR

    T_VARIABLE  shift, and go to state 51
    T_NUMBER    shift, and go to state 12
    T_SUB       shift, and go to state 13
    T_NOT       shift, and go to state 14
    T_LPAREN    shift, and go to state 17

    UNARY_EXPR   go to state 110
    FACTOR_EXPR  go to state 48


State 84

   58 TERM_EXPR: TERM_EXPR T_DIV • UNARY_EXPR

    T_VARIABLE  shift, and go to state 51
    T_NUMBER    shift, and go to state 12
    T_SUB       shift, and go to state 13
    T_NOT       shift, and go to state 14
    T_LPAREN    shift, and go to state 17

    UNARY_EXPR   go to state 111
    FACTOR_EXPR  go to state 48


State 85

   59 TERM_EXPR: TERM_EXPR T_MOD • UNARY_EXPR

    T_VARIABLE  shift, and go to state 51
    T_NUMBER    shift, and go to state 12
    T_SUB       shift, and go to state 13
    T_NOT       shift, and go to state 14
    T_LPAREN    shift, and go to state 17

    UNARY_EXPR   go to state 112
    FACTOR_EXPR  go to state 48


State 86

    7 DECLARATION: TYPE_DEF T_VARIABLE • T_SEMI
    8            | TYPE_DEF T_VARIABLE • T_ASSIGN EXPR T_SEMI

    T_ASSIGN  shift, and go to state 113
    T_SEMI    shift, and go to state 114


State 87

   33 EXPR: T_VARIABLE T_ASSIGN EXPR •

    $default  reduce using rule 33 (EXPR)


State 88

   65 FACTOR_EXPR: T_LPAREN EXPR T_RPAREN •

    $default  reduce using rule 65 (FACTOR_EXPR)


State 89

   28 JUMP_STAT: T_RETURN EXPR T_SEMI •

    $default  reduce using rule 28 (JUMP_STAT)


State 90

   24 ITERATION_STAT: T_WHILE T_LPAREN EXPR • T_RPAREN STAT

    T_RPAREN  shift, and go to state 115


State 91

   21 SELECTION_STAT: T_IF T_LPAREN EXPR • T_RPAREN STAT
   22               | T_IF T_LPAREN EXPR • T_RPAREN STAT T_ELSE STAT

    T_RPAREN  shift, and go to state 116


State 92

   26 ITERATION_STAT: T_FOR T_LPAREN DECLARATION • EXPR T_SEMI EXPR T_RPAREN STAT

    T_VARIABLE  shift, and go to state 11
    T_NUMBER    shift, and go to state 12
    T_SUB       shift, and go to state 13
    T_NOT       shift, and go to state 14
    T_LPAREN    shift, and go to state 17

    EXPR              go to state 117
    CONDITIONAL_EXPR  go to state 37
    LOR_EXPR          go to state 38
    LAND_EXPR         go to state 39
    BOR_EXPR          go to state 40
    BAND_EXPR         go to state 41
    BXOR_EXPR         go to state 42
    EQUAL_EXPR        go to state 43
    RELATION_EXPR     go to state 44
    ARITHMETIC_EXPR   go to state 45
    TERM_EXPR         go to state 46
    UNARY_EXPR        go to state 47
    FACTOR_EXPR       go to state 48


State 93

   25 ITERATION_STAT: T_FOR T_LPAREN EXPR • T_SEMI EXPR T_SEMI EXPR T_RPAREN STAT

    T_SEMI  shift, and go to state 118


State 94

   23 SELECTION_STAT: T_SWITCH T_LPAREN EXPR • T_RPAREN STAT

    T_RPAREN  shift, and go to state 119


State 95

   31 LABEL_STAT: T_CASE CONDITIONAL_EXPR T_SEMI • STAT

    T_VARIABLE  shift, and go to state 11
    T_NUMBER    shift, and go to state 12
    T_SUB       shift, and go to state 13
    T_NOT       shift, and go to state 14
    T_SEMI      shift, and go to state 15
    T_LBRACE    shift, and go to state 9
    T_LPAREN    shift, and go to state 17
    T_RETURN    shift, and go to state 18
    T_WHILE     shift, and go to state 19
    T_IF        shift, and go to state 20
    T_FOR       shift, and go to state 21
    T_SWITCH    shift, and go to state 22
    T_CASE      shift, and go to state 23
    T_CONTINUE  shift, and go to state 24
    T_BREAK     shift, and go to state 25

    STAT              go to state 120
    COMPOUND_STAT     go to state 30
    EXPRESSION_STAT   go to state 31
    SELECTION_STAT    go to state 32
    ITERATION_STAT    go to state 33
    JUMP_STAT         go to state 34
    LABEL_STAT        go to state 35
    EXPR              go to state 36
    CONDITIONAL_EXPR  go to state 37
    LOR_EXPR          go to state 38
    LAND_EXPR         go to state 39
    BOR_EXPR          go to state 40
    BAND_EXPR         go to state 41
    BXOR_EXPR         go to state 42
    EQUAL_EXPR        go to state 43
    RELATION_EXPR     go to state 44
    ARITHMETIC_EXPR   go to state 45
    TERM_EXPR         go to state 46
    UNARY_EXPR        go to state 47
    FACTOR_EXPR       go to state 48


State 96

   18 COMPOUND_STAT: T_LBRACE DECLARATION_LIST STAT_LIST T_RBRACE •

    $default  reduce using rule 18 (COMPOUND_STAT)


State 97

   36 LOR_EXPR: LOR_EXPR T_LOR LAND_EXPR •
   38 LAND_EXPR: LAND_EXPR • T_LAND EQUAL_EXPR

    T_LAND  shift, and go to state 71

    $default  reduce using rule 36 (LOR_EXPR)


State 98

   38 LAND_EXPR: LAND_EXPR T_LAND EQUAL_EXPR •
   46 EQUAL_EXPR: EQUAL_EXPR • T_EQUAL RELATION_EXPR
   47           | EQUAL_EXPR • T_NEQUAL RELATION_EXPR

    T_EQUAL   shift, and go to state 75
    T_NEQUAL  shift, and go to state 76

    $default  reduce using rule 38 (LAND_EXPR)


State 99

   40 BOR_EXPR: BOR_EXPR T_BOR BXOR_EXPR •
   44 BXOR_EXPR: BXOR_EXPR • T_BXOR BAND_EXPR

    T_BXOR  shift, and go to state 74

    $default  reduce using rule 40 (BOR_EXPR)


State 100

   42 BAND_EXPR: BAND_EXPR T_BAND EQUAL_EXPR •
   46 EQUAL_EXPR: EQUAL_EXPR • T_EQUAL RELATION_EXPR
   47           | EQUAL_EXPR • T_NEQUAL RELATION_EXPR

    T_EQUAL   shift, and go to state 75
    T_NEQUAL  shift, and go to state 76

    $default  reduce using rule 42 (BAND_EXPR)


State 101

   42 BAND_EXPR: BAND_EXPR • T_BAND EQUAL_EXPR
   44 BXOR_EXPR: BXOR_EXPR T_BXOR BAND_EXPR •

    T_BAND  shift, and go to state 73

    $default  reduce using rule 44 (BXOR_EXPR)


State 102

   46 EQUAL_EXPR: EQUAL_EXPR T_EQUAL RELATION_EXPR •
   49 RELATION_EXPR: RELATION_EXPR • T_GT ARITHMETIC_EXPR
   50              | RELATION_EXPR • T_LT ARITHMETIC_EXPR
   51              | RELATION_EXPR • T_GTE ARITHMETIC_EXPR
   52              | RELATION_EXPR • T_LTE ARITHMETIC_EXPR

    T_GT   shift, and go to state 77
    T_LT   shift, and go to state 78
    T_GTE  shift, and go to state 79
    T_LTE  shift, and go to state 80

    $default  reduce using rule 46 (EQUAL_EXPR)


State 103

   47 EQUAL_EXPR: EQUAL_EXPR T_NEQUAL RELATION_EXPR •
   49 RELATION_EXPR: RELATION_EXPR • T_GT ARITHMETIC_EXPR
   50              | RELATION_EXPR • T_LT ARITHMETIC_EXPR
   51              | RELATION_EXPR • T_GTE ARITHMETIC_EXPR
   52              | RELATION_EXPR • T_LTE ARITHMETIC_EXPR

    T_GT   shift, and go to state 77
    T_LT   shift, and go to state 78
    T_GTE  shift, and go to state 79
    T_LTE  shift, and go to state 80

    $default  reduce using rule 47 (EQUAL_EXPR)


State 104

   49 RELATION_EXPR: RELATION_EXPR T_GT ARITHMETIC_EXPR •
   54 ARITHMETIC_EXPR: ARITHMETIC_EXPR • T_ADD TERM_EXPR
   55                | ARITHMETIC_EXPR • T_SUB TERM_EXPR

    T_SUB  shift, and go to state 81
    T_ADD  shift, and go to state 82

    $default  reduce using rule 49 (RELATION_EXPR)


State 105

   50 RELATION_EXPR: RELATION_EXPR T_LT ARITHMETIC_EXPR •
   54 ARITHMETIC_EXPR: ARITHMETIC_EXPR • T_ADD TERM_EXPR
   55                | ARITHMETIC_EXPR • T_SUB TERM_EXPR

    T_SUB  shift, and go to state 81
    T_ADD  shift, and go to state 82

    $default  reduce using rule 50 (RELATION_EXPR)


State 106

   51 RELATION_EXPR: RELATION_EXPR T_GTE ARITHMETIC_EXPR •
   54 ARITHMETIC_EXPR: ARITHMETIC_EXPR • T_ADD TERM_EXPR
   55                | ARITHMETIC_EXPR • T_SUB TERM_EXPR

    T_SUB  shift, and go to state 81
    T_ADD  shift, and go to state 82

    $default  reduce using rule 51 (RELATION_EXPR)


State 107

   52 RELATION_EXPR: RELATION_EXPR T_LTE ARITHMETIC_EXPR •
   54 ARITHMETIC_EXPR: ARITHMETIC_EXPR • T_ADD TERM_EXPR
   55                | ARITHMETIC_EXPR • T_SUB TERM_EXPR

    T_SUB  shift, and go to state 81
    T_ADD  shift, and go to state 82

    $default  reduce using rule 52 (RELATION_EXPR)


State 108

   55 ARITHMETIC_EXPR: ARITHMETIC_EXPR T_SUB TERM_EXPR •
   57 TERM_EXPR: TERM_EXPR • T_MULT UNARY_EXPR
   58          | TERM_EXPR • T_DIV UNARY_EXPR
   59          | TERM_EXPR • T_MOD UNARY_EXPR

    T_MULT  shift, and go to state 83
    T_DIV   shift, and go to state 84
    T_MOD   shift, and go to state 85

    $default  reduce using rule 55 (ARITHMETIC_EXPR)


State 109

   54 ARITHMETIC_EXPR: ARITHMETIC_EXPR T_ADD TERM_EXPR •
   57 TERM_EXPR: TERM_EXPR • T_MULT UNARY_EXPR
   58          | TERM_EXPR • T_DIV UNARY_EXPR
   59          | TERM_EXPR • T_MOD UNARY_EXPR

    T_MULT  shift, and go to state 83
    T_DIV   shift, and go to state 84
    T_MOD   shift, and go to state 85

    $default  reduce using rule 54 (ARITHMETIC_EXPR)


State 110

   57 TERM_EXPR: TERM_EXPR T_MULT UNARY_EXPR •

    $default  reduce using rule 57 (TERM_EXPR)


State 111

   58 TERM_EXPR: TERM_EXPR T_DIV UNARY_EXPR •

    $default  reduce using rule 58 (TERM_EXPR)


State 112

   59 TERM_EXPR: TERM_EXPR T_MOD UNARY_EXPR •

    $default  reduce using rule 59 (TERM_EXPR)


State 113

    8 DECLARATION: TYPE_DEF T_VARIABLE T_ASSIGN • EXPR T_SEMI

    T_VARIABLE  shift, and go to state 11
    T_NUMBER    shift, and go to state 12
    T_SUB       shift, and go to state 13
    T_NOT       shift, and go to state 14
    T_LPAREN    shift, and go to state 17

    EXPR              go to state 121
    CONDITIONAL_EXPR  go to state 37
    LOR_EXPR          go to state 38
    LAND_EXPR         go to state 39
    BOR_EXPR          go to state 40
    BAND_EXPR         go to state 41
    BXOR_EXPR         go to state 42
    EQUAL_EXPR        go to state 43
    RELATION_EXPR     go to state 44
    ARITHMETIC_EXPR   go to state 45
    TERM_EXPR         go to state 46
    UNARY_EXPR        go to state 47
    FACTOR_EXPR       go to state 48


State 114

    7 DECLARATION: TYPE_DEF T_VARIABLE T_SEMI •

    $default  reduce using rule 7 (DECLARATION)


State 115

   24 ITERATION_STAT: T_WHILE T_LPAREN EXPR T_RPAREN • STAT

    T_VARIABLE  shift, and go to state 11
    T_NUMBER    shift, and go to state 12
    T_SUB       shift, and go to state 13
    T_NOT       shift, and go to state 14
    T_SEMI      shift, and go to state 15
    T_LBRACE    shift, and go to state 9
    T_LPAREN    shift, and go to state 17
    T_RETURN    shift, and go to state 18
    T_WHILE     shift, and go to state 19
    T_IF        shift, and go to state 20
    T_FOR       shift, and go to state 21
    T_SWITCH    shift, and go to state 22
    T_CASE      shift, and go to state 23
    T_CONTINUE  shift, and go to state 24
    T_BREAK     shift, and go to state 25

    STAT              go to state 122
    COMPOUND_STAT     go to state 30
    EXPRESSION_STAT   go to state 31
    SELECTION_STAT    go to state 32
    ITERATION_STAT    go to state 33
    JUMP_STAT         go to state 34
    LABEL_STAT        go to state 35
    EXPR              go to state 36
    CONDITIONAL_EXPR  go to state 37
    LOR_EXPR          go to state 38
    LAND_EXPR         go to state 39
    BOR_EXPR          go to state 40
    BAND_EXPR         go to state 41
    BXOR_EXPR         go to state 42
    EQUAL_EXPR        go to state 43
    RELATION_EXPR     go to state 44
    ARITHMETIC_EXPR   go to state 45
    TERM_EXPR         go to state 46
    UNARY_EXPR        go to state 47
    FACTOR_EXPR       go to state 48


State 116

   21 SELECTION_STAT: T_IF T_LPAREN EXPR T_RPAREN • STAT
   22               | T_IF T_LPAREN EXPR T_RPAREN • STAT T_ELSE STAT

    T_VARIABLE  shift, and go to state 11
    T_NUMBER    shift, and go to state 12
    T_SUB       shift, and go to state 13
    T_NOT       shift, and go to state 14
    T_SEMI      shift, and go to state 15
    T_LBRACE    shift, and go to state 9
    T_LPAREN    shift, and go to state 17
    T_RETURN    shift, and go to state 18
    T_WHILE     shift, and go to state 19
    T_IF        shift, and go to state 20
    T_FOR       shift, and go to state 21
    T_SWITCH    shift, and go to state 22
    T_CASE      shift, and go to state 23
    T_CONTINUE  shift, and go to state 24
    T_BREAK     shift, and go to state 25

    STAT              go to state 123
    COMPOUND_STAT     go to state 30
    EXPRESSION_STAT   go to state 31
    SELECTION_STAT    go to state 32
    ITERATION_STAT    go to state 33
    JUMP_STAT         go to state 34
    LABEL_STAT        go to state 35
    EXPR              go to state 36
    CONDITIONAL_EXPR  go to state 37
    LOR_EXPR          go to state 38
    LAND_EXPR         go to state 39
    BOR_EXPR          go to state 40
    BAND_EXPR         go to state 41
    BXOR_EXPR         go to state 42
    EQUAL_EXPR        go to state 43
    RELATION_EXPR     go to state 44
    ARITHMETIC_EXPR   go to state 45
    TERM_EXPR         go to state 46
    UNARY_EXPR        go to state 47
    FACTOR_EXPR       go to state 48


State 117

   26 ITERATION_STAT: T_FOR T_LPAREN DECLARATION EXPR • T_SEMI EXPR T_RPAREN STAT

    T_SEMI  shift, and go to state 124


State 118

   25 ITERATION_STAT: T_FOR T_LPAREN EXPR T_SEMI • EXPR T_SEMI EXPR T_RPAREN STAT

    T_VARIABLE  shift, and go to state 11
    T_NUMBER    shift, and go to state 12
    T_SUB       shift, and go to state 13
    T_NOT       shift, and go to state 14
    T_LPAREN    shift, and go to state 17

    EXPR              go to state 125
    CONDITIONAL_EXPR  go to state 37
    LOR_EXPR          go to state 38
    LAND_EXPR         go to state 39
    BOR_EXPR          go to state 40
    BAND_EXPR         go to state 41
    BXOR_EXPR         go to state 42
    EQUAL_EXPR        go to state 43
    RELATION_EXPR     go to state 44
    ARITHMETIC_EXPR   go to state 45
    TERM_EXPR         go to state 46
    UNARY_EXPR        go to state 47
    FACTOR_EXPR       go to state 48


State 119

   23 SELECTION_STAT: T_SWITCH T_LPAREN EXPR T_RPAREN • STAT

    T_VARIABLE  shift, and go to state 11
    T_NUMBER    shift, and go to state 12
    T_SUB       shift, and go to state 13
    T_NOT       shift, and go to state 14
    T_SEMI      shift, and go to state 15
    T_LBRACE    shift, and go to state 9
    T_LPAREN    shift, and go to state 17
    T_RETURN    shift, and go to state 18
    T_WHILE     shift, and go to state 19
    T_IF        shift, and go to state 20
    T_FOR       shift, and go to state 21
    T_SWITCH    shift, and go to state 22
    T_CASE      shift, and go to state 23
    T_CONTINUE  shift, and go to state 24
    T_BREAK     shift, and go to state 25

    STAT              go to state 126
    COMPOUND_STAT     go to state 30
    EXPRESSION_STAT   go to state 31
    SELECTION_STAT    go to state 32
    ITERATION_STAT    go to state 33
    JUMP_STAT         go to state 34
    LABEL_STAT        go to state 35
    EXPR              go to state 36
    CONDITIONAL_EXPR  go to state 37
    LOR_EXPR          go to state 38
    LAND_EXPR         go to state 39
    BOR_EXPR          go to state 40
    BAND_EXPR         go to state 41
    BXOR_EXPR         go to state 42
    EQUAL_EXPR        go to state 43
    RELATION_EXPR     go to state 44
    ARITHMETIC_EXPR   go to state 45
    TERM_EXPR         go to state 46
    UNARY_EXPR        go to state 47
    FACTOR_EXPR       go to state 48


State 120

   31 LABEL_STAT: T_CASE CONDITIONAL_EXPR T_SEMI STAT •

    $default  reduce using rule 31 (LABEL_STAT)


State 121

    8 DECLARATION: TYPE_DEF T_VARIABLE T_ASSIGN EXPR • T_SEMI

    T_SEMI  shift, and go to state 127


State 122

   24 ITERATION_STAT: T_WHILE T_LPAREN EXPR T_RPAREN STAT •

    $default  reduce using rule 24 (ITERATION_STAT)


State 123

   21 SELECTION_STAT: T_IF T_LPAREN EXPR T_RPAREN STAT •
   22               | T_IF T_LPAREN EXPR T_RPAREN STAT • T_ELSE STAT

    T_ELSE  shift, and go to state 128

    T_ELSE    [reduce using rule 21 (SELECTION_STAT)]
    $default  reduce using rule 21 (SELECTION_STAT)


State 124

   26 ITERATION_STAT: T_FOR T_LPAREN DECLARATION EXPR T_SEMI • EXPR T_RPAREN STAT

    T_VARIABLE  shift, and go to state 11
    T_NUMBER    shift, and go to state 12
    T_SUB       shift, and go to state 13
    T_NOT       shift, and go to state 14
    T_LPAREN    shift, and go to state 17

    EXPR              go to state 129
    CONDITIONAL_EXPR  go to state 37
    LOR_EXPR          go to state 38
    LAND_EXPR         go to state 39
    BOR_EXPR          go to state 40
    BAND_EXPR         go to state 41
    BXOR_EXPR         go to state 42
    EQUAL_EXPR        go to state 43
    RELATION_EXPR     go to state 44
    ARITHMETIC_EXPR   go to state 45
    TERM_EXPR         go to state 46
    UNARY_EXPR        go to state 47
    FACTOR_EXPR       go to state 48


State 125

   25 ITERATION_STAT: T_FOR T_LPAREN EXPR T_SEMI EXPR • T_SEMI EXPR T_RPAREN STAT

    T_SEMI  shift, and go to state 130


State 126

   23 SELECTION_STAT: T_SWITCH T_LPAREN EXPR T_RPAREN STAT •

    $default  reduce using rule 23 (SELECTION_STAT)


State 127

    8 DECLARATION: TYPE_DEF T_VARIABLE T_ASSIGN EXPR T_SEMI •

    $default  reduce using rule 8 (DECLARATION)


State 128

   22 SELECTION_STAT: T_IF T_LPAREN EXPR T_RPAREN STAT T_ELSE • STAT

    T_VARIABLE  shift, and go to state 11
    T_NUMBER    shift, and go to state 12
    T_SUB       shift, and go to state 13
    T_NOT       shift, and go to state 14
    T_SEMI      shift, and go to state 15
    T_LBRACE    shift, and go to state 9
    T_LPAREN    shift, and go to state 17
    T_RETURN    shift, and go to state 18
    T_WHILE     shift, and go to state 19
    T_IF        shift, and go to state 20
    T_FOR       shift, and go to state 21
    T_SWITCH    shift, and go to state 22
    T_CASE      shift, and go to state 23
    T_CONTINUE  shift, and go to state 24
    T_BREAK     shift, and go to state 25

    STAT              go to state 131
    COMPOUND_STAT     go to state 30
    EXPRESSION_STAT   go to state 31
    SELECTION_STAT    go to state 32
    ITERATION_STAT    go to state 33
    JUMP_STAT         go to state 34
    LABEL_STAT        go to state 35
    EXPR              go to state 36
    CONDITIONAL_EXPR  go to state 37
    LOR_EXPR          go to state 38
    LAND_EXPR         go to state 39
    BOR_EXPR          go to state 40
    BAND_EXPR         go to state 41
    BXOR_EXPR         go to state 42
    EQUAL_EXPR        go to state 43
    RELATION_EXPR     go to state 44
    ARITHMETIC_EXPR   go to state 45
    TERM_EXPR         go to state 46
    UNARY_EXPR        go to state 47
    FACTOR_EXPR       go to state 48


State 129

   26 ITERATION_STAT: T_FOR T_LPAREN DECLARATION EXPR T_SEMI EXPR • T_RPAREN STAT

    T_RPAREN  shift, and go to state 132


State 130

   25 ITERATION_STAT: T_FOR T_LPAREN EXPR T_SEMI EXPR T_SEMI • EXPR T_RPAREN STAT

    T_VARIABLE  shift, and go to state 11
    T_NUMBER    shift, and go to state 12
    T_SUB       shift, and go to state 13
    T_NOT       shift, and go to state 14
    T_LPAREN    shift, and go to state 17

    EXPR              go to state 133
    CONDITIONAL_EXPR  go to state 37
    LOR_EXPR          go to state 38
    LAND_EXPR         go to state 39
    BOR_EXPR          go to state 40
    BAND_EXPR         go to state 41
    BXOR_EXPR         go to state 42
    EQUAL_EXPR        go to state 43
    RELATION_EXPR     go to state 44
    ARITHMETIC_EXPR   go to state 45
    TERM_EXPR         go to state 46
    UNARY_EXPR        go to state 47
    FACTOR_EXPR       go to state 48


State 131

   22 SELECTION_STAT: T_IF T_LPAREN EXPR T_RPAREN STAT T_ELSE STAT •

    $default  reduce using rule 22 (SELECTION_STAT)


State 132

   26 ITERATION_STAT: T_FOR T_LPAREN DECLARATION EXPR T_SEMI EXPR T_RPAREN • STAT

    T_VARIABLE  shift, and go to state 11
    T_NUMBER    shift, and go to state 12
    T_SUB       shift, and go to state 13
    T_NOT       shift, and go to state 14
    T_SEMI      shift, and go to state 15
    T_LBRACE    shift, and go to state 9
    T_LPAREN    shift, and go to state 17
    T_RETURN    shift, and go to state 18
    T_WHILE     shift, and go to state 19
    T_IF        shift, and go to state 20
    T_FOR       shift, and go to state 21
    T_SWITCH    shift, and go to state 22
    T_CASE      shift, and go to state 23
    T_CONTINUE  shift, and go to state 24
    T_BREAK     shift, and go to state 25

    STAT              go to state 134
    COMPOUND_STAT     go to state 30
    EXPRESSION_STAT   go to state 31
    SELECTION_STAT    go to state 32
    ITERATION_STAT    go to state 33
    JUMP_STAT         go to state 34
    LABEL_STAT        go to state 35
    EXPR              go to state 36
    CONDITIONAL_EXPR  go to state 37
    LOR_EXPR          go to state 38
    LAND_EXPR         go to state 39
    BOR_EXPR          go to state 40
    BAND_EXPR         go to state 41
    BXOR_EXPR         go to state 42
    EQUAL_EXPR        go to state 43
    RELATION_EXPR     go to state 44
    ARITHMETIC_EXPR   go to state 45
    TERM_EXPR         go to state 46
    UNARY_EXPR        go to state 47
    FACTOR_EXPR       go to state 48


State 133

   25 ITERATION_STAT: T_FOR T_LPAREN EXPR T_SEMI EXPR T_SEMI EXPR • T_RPAREN STAT

    T_RPAREN  shift, and go to state 135


State 134

   26 ITERATION_STAT: T_FOR T_LPAREN DECLARATION EXPR T_SEMI EXPR T_RPAREN STAT •

    $default  reduce using rule 26 (ITERATION_STAT)


State 135

   25 ITERATION_STAT: T_FOR T_LPAREN EXPR T_SEMI EXPR T_SEMI EXPR T_RPAREN • STAT

    T_VARIABLE  shift, and go to state 11
    T_NUMBER    shift, and go to state 12
    T_SUB       shift, and go to state 13
    T_NOT       shift, and go to state 14
    T_SEMI      shift, and go to state 15
    T_LBRACE    shift, and go to state 9
    T_LPAREN    shift, and go to state 17
    T_RETURN    shift, and go to state 18
    T_WHILE     shift, and go to state 19
    T_IF        shift, and go to state 20
    T_FOR       shift, and go to state 21
    T_SWITCH    shift, and go to state 22
    T_CASE      shift, and go to state 23
    T_CONTINUE  shift, and go to state 24
    T_BREAK     shift, and go to state 25

    STAT              go to state 136
    COMPOUND_STAT     go to state 30
    EXPRESSION_STAT   go to state 31
    SELECTION_STAT    go to state 32
    ITERATION_STAT    go to state 33
    JUMP_STAT         go to state 34
    LABEL_STAT        go to state 35
    EXPR              go to state 36
    CONDITIONAL_EXPR  go to state 37
    LOR_EXPR          go to state 38
    LAND_EXPR         go to state 39
    BOR_EXPR          go to state 40
    BAND_EXPR         go to state 41
    BXOR_EXPR         go to state 42
    EQUAL_EXPR        go to state 43
    RELATION_EXPR     go to state 44
    ARITHMETIC_EXPR   go to state 45
    TERM_EXPR         go to state 46
    UNARY_EXPR        go to state 47
    FACTOR_EXPR       go to state 48


State 136

   25 ITERATION_STAT: T_FOR T_LPAREN EXPR T_SEMI EXPR T_SEMI EXPR T_RPAREN STAT •

    $default  reduce using rule 25 (ITERATION_STAT)
